2021-09-16 12:34:47 INFO  Ejercicio4:27 - creando directorio d1... 
2021-09-16 12:34:47 INFO  Ejercicio4:29 - Creando fichero f11.txt....
2021-09-16 12:34:47 INFO  Ejercicio4:31 - creando directorio d2... 
2021-09-16 12:34:47 INFO  Ejercicio4:33 - Creando fichero f22.txt....
2021-09-16 12:34:51 ERROR Ejercicio5:25 - no se pudo mover/renombrar archivo
2021-09-16 12:34:51 ERROR Ejercicio5:25 - no se pudo mover/renombrar archivo
2021-09-16 12:34:51 INFO  Ejercicio5:31 - Borrando /tmp/d2
2021-09-16 12:40:10 INFO  Ejercicio5:21 - /tmp/d1/f11.txt
2021-09-16 12:40:10 ERROR Ejercicio5:26 - no se pudo mover/renombrar archivo
2021-09-16 12:40:10 INFO  Ejercicio5:21 - /tmp/d2/f22.txt
2021-09-16 12:40:10 ERROR Ejercicio5:26 - no se pudo mover/renombrar archivo
2021-09-16 12:40:10 INFO  Ejercicio5:32 - Borrando /tmp/d2
2021-09-16 12:40:10 INFO  Ejercicio5:36 - No se ah podido borrar /tmp/d2
2021-09-16 12:41:25 ERROR Ejercicio5:25 - no se pudo mover/renombrar archivo
2021-09-16 12:41:25 ERROR Ejercicio5:25 - no se pudo mover/renombrar archivo
2021-09-16 12:41:25 INFO  Ejercicio5:31 - Borrando /tmp/d2
2021-09-16 12:41:25 INFO  Ejercicio5:35 - No se ah podido borrar /tmp/d2
2021-09-16 12:42:27 INFO  Ejercicio4:27 - creando directorio d1... 
2021-09-16 12:42:27 INFO  Ejercicio4:29 - Creando fichero f11.txt....
2021-09-16 12:42:27 INFO  Ejercicio4:31 - creando directorio d2... 
2021-09-16 12:42:27 INFO  Ejercicio4:33 - Creando fichero f22.txt....
2021-09-16 12:42:32 ERROR Ejercicio5:25 - no se pudo mover/renombrar archivo
2021-09-16 12:42:32 ERROR Ejercicio5:25 - no se pudo mover/renombrar archivo
2021-09-16 12:42:32 INFO  Ejercicio5:31 - Borrando /tmp/d2
2021-09-16 12:43:34 INFO  Ejercicio4:27 - creando directorio d1... 
2021-09-16 12:43:34 INFO  Ejercicio4:29 - Creando fichero f11.txt....
2021-09-16 12:43:34 INFO  Ejercicio4:31 - creando directorio d2... 
2021-09-16 12:43:34 INFO  Ejercicio4:33 - Creando fichero f22.txt....
2021-09-16 12:44:25 INFO  Ejercicio4:27 - creando directorio d1... 
2021-09-16 12:44:25 INFO  Ejercicio4:29 - Creando fichero f11.txt....
2021-09-16 12:44:25 INFO  Ejercicio4:31 - creando directorio d2... 
2021-09-16 12:44:25 INFO  Ejercicio4:33 - Creando fichero f22.txt....
2021-09-16 12:44:35 INFO  Ejercicio5:22 - Moviendo/renombrando /tmp/d1/f11.txt a nueva ruta /tmp/d1/f12.txt
2021-09-16 12:44:35 INFO  Ejercicio5:22 - Moviendo/renombrando /tmp/d2/f22.txt a nueva ruta /tmp/d1/f22.txt
2021-09-16 12:44:35 INFO  Ejercicio5:31 - Borrando /tmp/d2
2021-09-20 10:35:57 INFO  Ejecicio6:21 - f11.txt
2021-09-20 10:35:57 INFO  Ejecicio6:23 - C:\tmp\d1\f11.txt
2021-09-20 10:35:57 INFO  Ejecicio6:37 - no se puede ejecutar
2021-09-20 10:35:57 INFO  Ejecicio6:43 - no se puede ver el arhivo
2021-09-20 10:35:57 INFO  Ejecicio6:49 - no se puede modificar el archivo
2021-09-20 10:59:21 INFO  Ejecicio6:24 - d1,
2021-09-20 10:59:21 INFO  Ejecicio6:26 - /tmp/d1,
2021-09-20 10:59:21 INFO  Ejecicio6:40 - no se puede ejecutar
2021-09-20 10:59:21 INFO  Ejecicio6:46 - no se puede ver el archivo
2021-09-20 10:59:21 INFO  Ejecicio6:52 - no se puede modificar el archivo
2021-09-20 10:59:21 INFO  Ejecicio6:24 - f11.txt
2021-09-20 10:59:21 INFO  Ejecicio6:26 - /tmp/d1/f11.txt
2021-09-20 10:59:21 INFO  Ejecicio6:40 - no se puede ejecutar
2021-09-20 10:59:21 INFO  Ejecicio6:46 - no se puede ver el archivo
2021-09-20 10:59:21 INFO  Ejecicio6:52 - no se puede modificar el archivo
2021-09-20 11:00:05 INFO  Ejecicio6:24 - d1,
2021-09-20 11:00:05 INFO  Ejecicio6:26 - /home/raulalbarran/rutasJava/EjercicoRutas/d1,
2021-09-20 11:00:05 INFO  Ejecicio6:40 - no se puede ejecutar
2021-09-20 11:00:05 INFO  Ejecicio6:46 - no se puede ver el archivo
2021-09-20 11:00:05 INFO  Ejecicio6:52 - no se puede modificar el archivo
2021-09-20 11:00:05 INFO  Ejecicio6:24 - f11.txt
2021-09-20 11:00:05 INFO  Ejecicio6:26 - /home/raulalbarran/rutasJava/EjercicoRutas/f11.txt
2021-09-20 11:00:05 INFO  Ejecicio6:40 - no se puede ejecutar
2021-09-20 11:00:05 INFO  Ejecicio6:46 - no se puede ver el archivo
2021-09-20 11:00:05 INFO  Ejecicio6:52 - no se puede modificar el archivo
2021-09-20 11:00:48 INFO  Ejecicio6:24 - d1,
2021-09-20 11:00:48 INFO  Ejecicio6:26 - /home/raulalbarran/rutasJava/EjercicoRutas/d1,
2021-09-20 11:00:48 INFO  Ejecicio6:39 - no se puede ejecutar
2021-09-20 11:00:48 INFO  Ejecicio6:45 - no se puede ver el archivo
2021-09-20 11:00:48 INFO  Ejecicio6:51 - no se puede modificar el archivo
2021-09-20 11:00:48 INFO  Ejecicio6:24 - f11.txt
2021-09-20 11:00:48 INFO  Ejecicio6:26 - /home/raulalbarran/rutasJava/EjercicoRutas/f11.txt
2021-09-20 11:00:48 INFO  Ejecicio6:39 - no se puede ejecutar
2021-09-20 11:00:48 INFO  Ejecicio6:45 - no se puede ver el archivo
2021-09-20 11:00:48 INFO  Ejecicio6:51 - no se puede modificar el archivo
2021-09-20 11:01:10 INFO  Ejecicio6:21 - d1,
2021-09-20 11:01:10 INFO  Ejecicio6:23 - /home/raulalbarran/rutasJava/EjercicoRutas/d1,
2021-09-20 11:01:10 INFO  Ejecicio6:36 - no se puede ejecutar
2021-09-20 11:01:10 INFO  Ejecicio6:42 - no se puede ver el archivo
2021-09-20 11:01:10 INFO  Ejecicio6:48 - no se puede modificar el archivo
2021-09-20 11:01:56 INFO  Ejecicio6:21 - d1
2021-09-20 11:01:56 INFO  Ejecicio6:23 - /tmp/d1
2021-09-20 11:01:56 INFO  Ejecicio6:36 - no se puede ejecutar
2021-09-20 11:01:56 INFO  Ejecicio6:42 - no se puede ver el archivo
2021-09-20 11:01:56 INFO  Ejecicio6:48 - no se puede modificar el archivo
2021-09-20 11:02:49 INFO  Ejecicio6:21 - d1
2021-09-20 11:02:49 INFO  Ejecicio6:23 - /tmp/d1
2021-09-20 11:02:49 INFO  Ejecicio6:37 - no se puede ejecutar
2021-09-20 11:02:49 INFO  Ejecicio6:43 - no se puede ver el archivo
2021-09-20 11:02:49 INFO  Ejecicio6:49 - no se puede modificar el archivo
2021-09-20 11:03:28 INFO  Ejecicio6:21 - d1
2021-09-20 11:03:28 INFO  Ejecicio6:23 - /tmp/d1
2021-09-20 11:03:28 INFO  Ejecicio6:37 - no se puede ejecutar
2021-09-20 11:03:28 INFO  Ejecicio6:43 - no se puede ver el archivo
2021-09-20 11:03:28 INFO  Ejecicio6:49 - no se puede modificar el archivo
2021-09-20 11:06:18 INFO  Ejecicio6:21 - d1
2021-09-20 11:06:18 INFO  Ejecicio6:23 - /home/raulalbarran/rutasJava/EjercicoRutas/d1
2021-09-20 11:06:18 INFO  Ejecicio6:37 - no se puede ejecutar
2021-09-20 11:06:18 INFO  Ejecicio6:43 - no se puede ver el archivo
2021-09-20 11:06:18 INFO  Ejecicio6:49 - no se puede modificar el archivo
2021-09-20 11:08:30 INFO  Ejecicio6:21 - d1
2021-09-20 11:08:30 INFO  Ejecicio6:23 - /home/raulalbarran/rutasJava/EjercicoRutas/d1
2021-09-20 11:08:30 INFO  Ejecicio6:37 - no se puede ejecutar
2021-09-20 11:08:30 INFO  Ejecicio6:43 - no se puede ver el archivo
2021-09-20 11:08:30 INFO  Ejecicio6:49 - no se puede modificar el archivo
2021-09-20 11:09:19 INFO  Ejecicio6:21 - d1
2021-09-20 11:09:19 INFO  Ejecicio6:23 - /home/raulalbarran/rutasJava/EjercicoRutas/d1
2021-09-20 11:09:19 INFO  Ejecicio6:25 - 0
2021-09-20 11:09:19 INFO  Ejecicio6:37 - no se puede ejecutar
2021-09-20 11:09:19 INFO  Ejecicio6:43 - no se puede ver el archivo
2021-09-20 11:09:19 INFO  Ejecicio6:49 - no se puede modificar el archivo
2021-09-20 11:10:33 INFO  Ejecicio6:21 - d1
2021-09-20 11:10:33 INFO  Ejecicio6:23 - /home/raulalbarran/rutasJava/EjercicoRutas/d1
2021-09-20 11:10:33 INFO  Ejecicio6:25 - 0
2021-09-20 11:10:33 INFO  Ejecicio6:37 - no se puede ejecutar
2021-09-20 11:10:33 INFO  Ejecicio6:43 - no se puede ver el archivo
2021-09-20 11:10:33 INFO  Ejecicio6:49 - no se puede modificar el archivo
2021-09-20 11:47:21 INFO  Ejecicio6:21 - d1
2021-09-20 11:47:21 INFO  Ejecicio6:23 - /home/raulalbarran/rutasJava/EjercicoRutas/d1
2021-09-20 11:47:21 INFO  Ejecicio6:25 - 0
2021-09-20 11:47:21 INFO  Ejecicio6:34 - 0
2021-09-20 11:47:21 INFO  Ejecicio6:39 - no se puede ejecutar
2021-09-20 11:47:21 INFO  Ejecicio6:45 - no se puede ver el archivo
2021-09-20 11:47:21 INFO  Ejecicio6:51 - no se puede modificar el archivo
2021-09-20 11:47:58 INFO  Ejecicio6:21 - d1
2021-09-20 11:47:58 INFO  Ejecicio6:23 - /home/raulalbarran/rutasJava/EjercicoRutas/d1
2021-09-20 11:47:58 INFO  Ejecicio6:25 - 0
2021-09-20 11:47:58 INFO  Ejecicio6:34 - Ultima vez modificado0
2021-09-20 11:47:58 INFO  Ejecicio6:39 - no se puede ejecutar
2021-09-20 11:47:58 INFO  Ejecicio6:45 - no se puede ver el archivo
2021-09-20 11:47:58 INFO  Ejecicio6:51 - no se puede modificar el archivo
2021-09-20 11:48:06 INFO  Ejecicio6:21 - d1
2021-09-20 11:48:06 INFO  Ejecicio6:23 - /home/raulalbarran/rutasJava/EjercicoRutas/d1
2021-09-20 11:48:06 INFO  Ejecicio6:25 - 0
2021-09-20 11:48:06 INFO  Ejecicio6:34 - Ultima vez modificado 0
2021-09-20 11:48:06 INFO  Ejecicio6:39 - no se puede ejecutar
2021-09-20 11:48:06 INFO  Ejecicio6:45 - no se puede ver el archivo
2021-09-20 11:48:06 INFO  Ejecicio6:51 - no se puede modificar el archivo
2021-09-20 11:48:35 INFO  Ejecicio6:21 - d1
2021-09-20 11:48:35 INFO  Ejecicio6:23 - /home/raulalbarran/rutasJava/EjercicoRutas/d1
2021-09-20 11:48:35 INFO  Ejecicio6:25 - Tamaño de el archivo 0
2021-09-20 11:48:35 INFO  Ejecicio6:34 - Ultima vez modificado 0
2021-09-20 11:48:35 INFO  Ejecicio6:39 - no se puede ejecutar
2021-09-20 11:48:35 INFO  Ejecicio6:45 - no se puede ver el archivo
2021-09-20 11:48:35 INFO  Ejecicio6:51 - no se puede modificar el archivo
2021-09-20 11:48:42 INFO  Ejecicio6:21 - d1
2021-09-20 11:48:42 INFO  Ejecicio6:23 - /home/raulalbarran/rutasJava/EjercicoRutas/d1
2021-09-20 11:48:42 INFO  Ejecicio6:25 - Tamaño de el archivo 0
2021-09-20 11:48:42 INFO  Ejecicio6:34 - Ultima vez modificado 0
2021-09-20 11:48:42 INFO  Ejecicio6:39 - no se puede ejecutar
2021-09-20 11:48:42 INFO  Ejecicio6:45 - no se puede ver el archivo
2021-09-20 11:48:42 INFO  Ejecicio6:51 - no se puede modificar el archivo
2021-09-20 11:48:53 INFO  Ejecicio6:21 - d1
2021-09-20 11:48:53 INFO  Ejecicio6:23 - /home/raulalbarran/rutasJava/EjercicoRutas/tmp/d1
2021-09-20 11:48:53 INFO  Ejecicio6:25 - Tamaño de el archivo 0
2021-09-20 11:48:53 INFO  Ejecicio6:34 - Ultima vez modificado 0
2021-09-20 11:48:53 INFO  Ejecicio6:39 - no se puede ejecutar
2021-09-20 11:48:53 INFO  Ejecicio6:45 - no se puede ver el archivo
2021-09-20 11:48:53 INFO  Ejecicio6:51 - no se puede modificar el archivo
2021-09-20 11:49:31 INFO  Ejecicio6:21 - d1
2021-09-20 11:49:31 INFO  Ejecicio6:23 - /home/raulalbarran/rutasJava/EjercicoRutas/tmp/d1
2021-09-20 11:49:31 INFO  Ejecicio6:25 - Tamaño de el archivo 0
2021-09-20 11:49:31 INFO  Ejecicio6:34 - Ultima vez modificado 0
2021-09-20 11:49:31 INFO  Ejecicio6:39 - no se puede ejecutar
2021-09-20 11:49:31 INFO  Ejecicio6:45 - no se puede ver el archivo
2021-09-20 11:49:31 INFO  Ejecicio6:51 - no se puede modificar el archivo
2021-09-20 12:44:56 INFO  Ejercicio4:27 - creando directorio d1... 
2021-09-20 12:44:56 INFO  Ejercicio4:29 - Creando fichero f11.txt....
2021-09-20 12:44:56 INFO  Ejercicio4:31 - creando directorio d2... 
2021-09-20 12:44:56 INFO  Ejercicio4:33 - Creando fichero f22.txt....
2021-09-20 12:45:26 INFO  Ejecicio6:21 - d1
2021-09-20 12:45:26 INFO  Ejecicio6:23 - /home/raulalbarran/rutasJava/EjercicoRutas/tmp/d1
2021-09-20 12:45:26 INFO  Ejecicio6:25 - Tamaño de el archivo 0
2021-09-20 12:45:26 INFO  Ejecicio6:34 - Ultima vez modificado 0
2021-09-20 12:45:26 INFO  Ejecicio6:39 - no se puede ejecutar
2021-09-20 12:45:26 INFO  Ejecicio6:45 - no se puede ver el archivo
2021-09-20 12:45:26 INFO  Ejecicio6:51 - no se puede modificar el archivo
2021-09-20 12:45:33 INFO  Ejecicio6:21 - d1
2021-09-20 12:45:33 INFO  Ejecicio6:23 - /home/raulalbarran/rutasJava/EjercicoRutas/tmp/d1
2021-09-20 12:45:33 INFO  Ejecicio6:25 - Tamaño de el archivo 0
2021-09-20 12:45:33 INFO  Ejecicio6:34 - Ultima vez modificado 0
2021-09-20 12:45:33 INFO  Ejecicio6:39 - no se puede ejecutar
2021-09-20 12:45:33 INFO  Ejecicio6:45 - no se puede ver el archivo
2021-09-20 12:45:33 INFO  Ejecicio6:51 - no se puede modificar el archivo
2021-09-20 12:45:42 INFO  Ejecicio6:21 - d1
2021-09-20 12:45:42 INFO  Ejecicio6:23 - /home/raulalbarran/rutasJava/EjercicoRutas/d1
2021-09-20 12:45:42 INFO  Ejecicio6:25 - Tamaño de el archivo 0
2021-09-20 12:45:42 INFO  Ejecicio6:34 - Ultima vez modificado 0
2021-09-20 12:45:42 INFO  Ejecicio6:39 - no se puede ejecutar
2021-09-20 12:45:42 INFO  Ejecicio6:45 - no se puede ver el archivo
2021-09-20 12:45:42 INFO  Ejecicio6:51 - no se puede modificar el archivo
2021-09-20 12:52:34 INFO  Ejecicio6:21 - d1
2021-09-20 12:52:34 INFO  Ejecicio6:23 - /tmp/d1
2021-09-20 12:52:34 INFO  Ejecicio6:25 - Tamaño de el archivo 4096
2021-09-20 12:52:34 INFO  Ejecicio6:34 - Ultima vez modificado 1632134696176
2021-09-20 12:52:34 INFO  Ejecicio6:37 - se puede ejecutar
2021-09-20 12:52:34 INFO  Ejecicio6:43 - se puede ver el archivo
2021-09-20 12:52:34 INFO  Ejecicio6:49 - se puede modificar el archivo
2021-09-20 12:53:34 INFO  Ejecicio6:21 - d1
2021-09-20 12:53:34 INFO  Ejecicio6:23 - /tmp/d1
2021-09-20 12:53:34 INFO  Ejecicio6:25 - Tamaño de el archivo 4096
2021-09-20 12:53:34 INFO  Ejecicio6:28 - Es un Directorio
2021-09-20 12:53:34 INFO  Ejecicio6:34 - Ultima vez modificado 1632134696176
2021-09-20 12:53:34 INFO  Ejecicio6:37 - se puede ejecutar
2021-09-20 12:53:34 INFO  Ejecicio6:43 - se puede ver el archivo
2021-09-20 12:53:34 INFO  Ejecicio6:49 - se puede modificar el archivo
2021-09-20 12:54:31 INFO  Ejecicio6:21 - el nombre es d1
2021-09-20 12:54:31 INFO  Ejecicio6:23 - Su ruta es /tmp/d1
2021-09-20 12:54:31 INFO  Ejecicio6:25 - Tamaño de el archivo 4096
2021-09-20 12:54:31 INFO  Ejecicio6:28 - Es un Directorio
2021-09-20 12:54:31 INFO  Ejecicio6:34 - Ultima vez modificado 1632134696176
2021-09-20 12:54:31 INFO  Ejecicio6:37 - se puede ejecutar
2021-09-20 12:54:31 INFO  Ejecicio6:43 - se puede ver el archivo
2021-09-20 12:54:31 INFO  Ejecicio6:49 - se puede modificar el archivo
2021-09-20 13:09:36 INFO  Ejecicio6:21 - el nombre es d1
2021-09-20 13:09:36 INFO  Ejecicio6:23 - Su ruta es /tmp/d1
2021-09-20 13:09:36 INFO  Ejecicio6:25 - Tamaño de el archivo 4096
2021-09-20 13:09:36 INFO  Ejecicio6:28 - Es un Directorio
2021-09-20 13:09:36 INFO  Ejecicio6:34 - Ultima vez modificado 1632134696176
2021-09-20 13:09:36 INFO  Ejecicio6:37 - se puede ejecutar
2021-09-20 13:09:36 INFO  Ejecicio6:43 - se puede ver el archivo
2021-09-20 13:09:36 INFO  Ejecicio6:49 - se puede modificar el archivo
2021-09-20 13:26:11 INFO  Ejercicio7:23 - si tiene permisos de ejecucion
2021-09-20 13:26:11 INFO  Ejercicio7:24 - si tiene permisos de lectura
2021-09-20 13:26:11 INFO  Ejercicio7:31 - Cambiando permiso de ejecuciontrue
2021-09-20 13:26:11 INFO  Ejercicio7:32 - Cambiando permiso de lecturatrue
2021-09-20 13:49:08 INFO  Ejercicio7:21 - el directorio tiene los siguientes archivos/tmp/d2/f22.txt
2021-09-20 13:49:08 INFO  Ejercicio7:22 - el nombre es f22.txt
2021-09-20 13:49:08 INFO  Ejercicio7:26 - es un archivo
2021-09-20 13:49:08 INFO  Ejercicio7:28 - el tamaño de el archivo 0
2021-09-20 13:59:51 INFO  Ejercicio7:21 - el nombre es .f22.txt.swo
2021-09-20 13:59:51 INFO  Ejercicio7:25 - es un archivo
2021-09-20 13:59:51 INFO  Ejercicio7:27 - el tamaño de el archivo 12288
2021-09-20 13:59:51 INFO  Ejercicio7:21 - el nombre es .f22.txt.swp
2021-09-20 13:59:51 INFO  Ejercicio7:25 - es un archivo
2021-09-20 13:59:51 INFO  Ejercicio7:27 - el tamaño de el archivo 12288
2021-09-20 13:59:51 INFO  Ejercicio7:21 - el nombre es f22.txt
2021-09-20 13:59:51 INFO  Ejercicio7:25 - es un archivo
2021-09-20 13:59:51 INFO  Ejercicio7:27 - el tamaño de el archivo 0
